[debug] [2022-11-08T06:31:00.944Z] ----------------------------------------------------------------------
[debug] [2022-11-08T06:31:00.945Z] Command:       /Users/thaddeuslee/.nvm/versions/node/v17.6.0/bin/node /Users/thaddeuslee/.nvm/versions/node/v17.6.0/bin/firebase deploy --only functions
[debug] [2022-11-08T06:31:00.946Z] CLI Version:   11.15.0
[debug] [2022-11-08T06:31:00.946Z] Platform:      darwin
[debug] [2022-11-08T06:31:00.946Z] Node Version:  v17.6.0
[debug] [2022-11-08T06:31:00.948Z] Time:          Tue Nov 08 2022 14:31:00 GMT+0800 (Singapore Standard Time)
[debug] [2022-11-08T06:31:00.948Z] ----------------------------------------------------------------------
[debug] 
[debug] [2022-11-08T06:31:01.028Z] Object "" in "firebase.json" has unknown property: {"additionalProperty":"rewrites"}
[debug] [2022-11-08T06:31:01.035Z] > command requires scopes: ["email","openid","https://www.googleapis.com/auth/cloudplatformprojects.readonly","https://www.googleapis.com/auth/firebase","https://www.googleapis.com/auth/cloud-platform"]
[debug] [2022-11-08T06:31:01.035Z] > authorizing via signed-in user (thaddeusleezx@gmail.com)
[debug] [2022-11-08T06:31:01.036Z] [iam] checking project wad2-eventhive-backend-d0f2c for permissions ["cloudfunctions.functions.create","cloudfunctions.functions.delete","cloudfunctions.functions.get","cloudfunctions.functions.list","cloudfunctions.functions.update","cloudfunctions.operations.get","firebase.projects.get"]
[debug] [2022-11-08T06:31:01.038Z] >>> [apiv2][query] POST https://cloudresourcemanager.googleapis.com/v1/projects/wad2-eventhive-backend-d0f2c:testIamPermissions [none]
[debug] [2022-11-08T06:31:01.039Z] >>> [apiv2][(partial)header] POST https://cloudresourcemanager.googleapis.com/v1/projects/wad2-eventhive-backend-d0f2c:testIamPermissions x-goog-quota-user=projects/wad2-eventhive-backend-d0f2c
[debug] [2022-11-08T06:31:01.039Z] >>> [apiv2][body] POST https://cloudresourcemanager.googleapis.com/v1/projects/wad2-eventhive-backend-d0f2c:testIamPermissions {"permissions":["cloudfunctions.functions.create","cloudfunctions.functions.delete","cloudfunctions.functions.get","cloudfunctions.functions.list","cloudfunctions.functions.update","cloudfunctions.operations.get","firebase.projects.get"]}
[debug] [2022-11-08T06:31:02.547Z] <<< [apiv2][status] POST https://cloudresourcemanager.googleapis.com/v1/projects/wad2-eventhive-backend-d0f2c:testIamPermissions 200
[debug] [2022-11-08T06:31:02.551Z] <<< [apiv2][body] POST https://cloudresourcemanager.googleapis.com/v1/projects/wad2-eventhive-backend-d0f2c:testIamPermissions {"permissions":["cloudfunctions.functions.create","cloudfunctions.functions.delete","cloudfunctions.functions.get","cloudfunctions.functions.list","cloudfunctions.functions.update","cloudfunctions.operations.get","firebase.projects.get"]}
[debug] [2022-11-08T06:31:02.553Z] >>> [apiv2][query] POST https://iam.googleapis.com/v1/projects/wad2-eventhive-backend-d0f2c/serviceAccounts/wad2-eventhive-backend-d0f2c@appspot.gserviceaccount.com:testIamPermissions [none]
[debug] [2022-11-08T06:31:02.554Z] >>> [apiv2][body] POST https://iam.googleapis.com/v1/projects/wad2-eventhive-backend-d0f2c/serviceAccounts/wad2-eventhive-backend-d0f2c@appspot.gserviceaccount.com:testIamPermissions {"permissions":["iam.serviceAccounts.actAs"]}
[debug] [2022-11-08T06:31:03.670Z] <<< [apiv2][status] POST https://iam.googleapis.com/v1/projects/wad2-eventhive-backend-d0f2c/serviceAccounts/wad2-eventhive-backend-d0f2c@appspot.gserviceaccount.com:testIamPermissions 200
[debug] [2022-11-08T06:31:03.672Z] <<< [apiv2][body] POST https://iam.googleapis.com/v1/projects/wad2-eventhive-backend-d0f2c/serviceAccounts/wad2-eventhive-backend-d0f2c@appspot.gserviceaccount.com:testIamPermissions {"permissions":["iam.serviceAccounts.actAs"]}
[info] 
[info] === Deploying to 'wad2-eventhive-backend-d0f2c'...
[info] 
[info] i  deploying functions 
[debug] [2022-11-08T06:31:03.679Z] >>> [apiv2][query] GET https://firebase.googleapis.com/v1beta1/projects/wad2-eventhive-backend-d0f2c [none]
