[debug] [2022-11-12T15:11:51.785Z] ----------------------------------------------------------------------
[debug] [2022-11-12T15:11:51.786Z] Command:       /Users/thaddeuslee/.nvm/versions/node/v17.6.0/bin/node /Users/thaddeuslee/.nvm/versions/node/v17.6.0/bin/firebase deploy --only functions
[debug] [2022-11-12T15:11:51.786Z] CLI Version:   11.15.0
[debug] [2022-11-12T15:11:51.787Z] Platform:      darwin
[debug] [2022-11-12T15:11:51.787Z] Node Version:  v17.6.0
[debug] [2022-11-12T15:11:51.788Z] Time:          Sat Nov 12 2022 23:11:51 GMT+0800 (Singapore Standard Time)
[debug] [2022-11-12T15:11:51.789Z] ----------------------------------------------------------------------
[debug] 
[debug] [2022-11-12T15:11:51.794Z] >>> [apiv2][query] GET https://firebase-public.firebaseio.com/cli.json [none]
[debug] [2022-11-12T15:11:51.924Z] Object "" in "firebase.json" has unknown property: {"additionalProperty":"rewrites"}
[debug] [2022-11-12T15:11:51.932Z] > command requires scopes: ["email","openid","https://www.googleapis.com/auth/cloudplatformprojects.readonly","https://www.googleapis.com/auth/firebase","https://www.googleapis.com/auth/cloud-platform"]
[debug] [2022-11-12T15:11:51.933Z] > authorizing via signed-in user (thaddeusleezx@gmail.com)
[debug] [2022-11-12T15:11:51.933Z] [iam] checking project wad2-eventhive-backend-d0f2c for permissions ["cloudfunctions.functions.create","cloudfunctions.functions.delete","cloudfunctions.functions.get","cloudfunctions.functions.list","cloudfunctions.functions.update","cloudfunctions.operations.get","firebase.projects.get"]
[debug] [2022-11-12T15:11:51.934Z] > refreshing access token with scopes: []
[debug] [2022-11-12T15:11:51.935Z] >>> [apiv2][query] POST https://www.googleapis.com/oauth2/v3/token [none]
[debug] [2022-11-12T15:11:51.936Z] >>> [apiv2][body] POST https://www.googleapis.com/oauth2/v3/token [omitted]
[debug] [2022-11-12T15:11:52.208Z] <<< [apiv2][status] POST https://www.googleapis.com/oauth2/v3/token 200
[debug] [2022-11-12T15:11:52.211Z] <<< [apiv2][body] POST https://www.googleapis.com/oauth2/v3/token [omitted]
[debug] [2022-11-12T15:11:52.256Z] >>> [apiv2][query] POST https://cloudresourcemanager.googleapis.com/v1/projects/wad2-eventhive-backend-d0f2c:testIamPermissions [none]
[debug] [2022-11-12T15:11:52.257Z] >>> [apiv2][(partial)header] POST https://cloudresourcemanager.googleapis.com/v1/projects/wad2-eventhive-backend-d0f2c:testIamPermissions x-goog-quota-user=projects/wad2-eventhive-backend-d0f2c
[debug] [2022-11-12T15:11:52.257Z] >>> [apiv2][body] POST https://cloudresourcemanager.googleapis.com/v1/projects/wad2-eventhive-backend-d0f2c:testIamPermissions {"permissions":["cloudfunctions.functions.create","cloudfunctions.functions.delete","cloudfunctions.functions.get","cloudfunctions.functions.list","cloudfunctions.functions.update","cloudfunctions.operations.get","firebase.projects.get"]}
[debug] [2022-11-12T15:11:52.722Z] <<< [apiv2][status] GET https://firebase-public.firebaseio.com/cli.json 200
[debug] [2022-11-12T15:11:52.723Z] <<< [apiv2][body] GET https://firebase-public.firebaseio.com/cli.json {"cloudBuildErrorAfter":1594252800000,"cloudBuildWarnAfter":1590019200000,"defaultNode10After":1594252800000,"minVersion":"3.0.5","node8DeploysDisabledAfter":1613390400000,"node8RuntimeDisabledAfter":1615809600000,"node8WarnAfter":1600128000000}
[debug] [2022-11-12T15:11:53.613Z] <<< [apiv2][status] POST https://cloudresourcemanager.googleapis.com/v1/projects/wad2-eventhive-backend-d0f2c:testIamPermissions 200
[debug] [2022-11-12T15:11:53.614Z] <<< [apiv2][body] POST https://cloudresourcemanager.googleapis.com/v1/projects/wad2-eventhive-backend-d0f2c:testIamPermissions {"permissions":["cloudfunctions.functions.create","cloudfunctions.functions.delete","cloudfunctions.functions.get","cloudfunctions.functions.list","cloudfunctions.functions.update","cloudfunctions.operations.get","firebase.projects.get"]}
[debug] [2022-11-12T15:11:53.616Z] >>> [apiv2][query] POST https://iam.googleapis.com/v1/projects/wad2-eventhive-backend-d0f2c/serviceAccounts/wad2-eventhive-backend-d0f2c@appspot.gserviceaccount.com:testIamPermissions [none]
[debug] [2022-11-12T15:11:53.616Z] >>> [apiv2][body] POST https://iam.googleapis.com/v1/projects/wad2-eventhive-backend-d0f2c/serviceAccounts/wad2-eventhive-backend-d0f2c@appspot.gserviceaccount.com:testIamPermissions {"permissions":["iam.serviceAccounts.actAs"]}
[debug] [2022-11-12T15:12:02.564Z] ----------------------------------------------------------------------
[debug] [2022-11-12T15:12:02.565Z] Command:       /Users/thaddeuslee/.nvm/versions/node/v17.6.0/bin/node /Users/thaddeuslee/.nvm/versions/node/v17.6.0/bin/firebase deploy --only functions
[debug] [2022-11-12T15:12:02.565Z] CLI Version:   11.15.0
[debug] [2022-11-12T15:12:02.566Z] Platform:      darwin
[debug] [2022-11-12T15:12:02.566Z] Node Version:  v17.6.0
[debug] [2022-11-12T15:12:02.567Z] Time:          Sat Nov 12 2022 23:12:02 GMT+0800 (Singapore Standard Time)
[debug] [2022-11-12T15:12:02.567Z] ----------------------------------------------------------------------
[debug] 
[debug] [2022-11-12T15:12:02.649Z] Object "" in "firebase.json" has unknown property: {"additionalProperty":"rewrites"}
[debug] [2022-11-12T15:12:02.656Z] > command requires scopes: ["email","openid","https://www.googleapis.com/auth/cloudplatformprojects.readonly","https://www.googleapis.com/auth/firebase","https://www.googleapis.com/auth/cloud-platform"]
[debug] [2022-11-12T15:12:02.656Z] > authorizing via signed-in user (thaddeusleezx@gmail.com)
[debug] [2022-11-12T15:12:02.657Z] [iam] checking project wad2-eventhive-backend-d0f2c for permissions ["cloudfunctions.functions.create","cloudfunctions.functions.delete","cloudfunctions.functions.get","cloudfunctions.functions.list","cloudfunctions.functions.update","cloudfunctions.operations.get","firebase.projects.get"]
[debug] [2022-11-12T15:12:02.659Z] >>> [apiv2][query] POST https://cloudresourcemanager.googleapis.com/v1/projects/wad2-eventhive-backend-d0f2c:testIamPermissions [none]
[debug] [2022-11-12T15:12:02.660Z] >>> [apiv2][(partial)header] POST https://cloudresourcemanager.googleapis.com/v1/projects/wad2-eventhive-backend-d0f2c:testIamPermissions x-goog-quota-user=projects/wad2-eventhive-backend-d0f2c
[debug] [2022-11-12T15:12:02.660Z] >>> [apiv2][body] POST https://cloudresourcemanager.googleapis.com/v1/projects/wad2-eventhive-backend-d0f2c:testIamPermissions {"permissions":["cloudfunctions.functions.create","cloudfunctions.functions.delete","cloudfunctions.functions.get","cloudfunctions.functions.list","cloudfunctions.functions.update","cloudfunctions.operations.get","firebase.projects.get"]}
[debug] [2022-11-12T15:12:04.187Z] <<< [apiv2][status] POST https://cloudresourcemanager.googleapis.com/v1/projects/wad2-eventhive-backend-d0f2c:testIamPermissions 200
[debug] [2022-11-12T15:12:04.190Z] <<< [apiv2][body] POST https://cloudresourcemanager.googleapis.com/v1/projects/wad2-eventhive-backend-d0f2c:testIamPermissions {"permissions":["cloudfunctions.functions.create","cloudfunctions.functions.delete","cloudfunctions.functions.get","cloudfunctions.functions.list","cloudfunctions.functions.update","cloudfunctions.operations.get","firebase.projects.get"]}
[debug] [2022-11-12T15:12:04.192Z] >>> [apiv2][query] POST https://iam.googleapis.com/v1/projects/wad2-eventhive-backend-d0f2c/serviceAccounts/wad2-eventhive-backend-d0f2c@appspot.gserviceaccount.com:testIamPermissions [none]
[debug] [2022-11-12T15:12:04.194Z] >>> [apiv2][body] POST https://iam.googleapis.com/v1/projects/wad2-eventhive-backend-d0f2c/serviceAccounts/wad2-eventhive-backend-d0f2c@appspot.gserviceaccount.com:testIamPermissions {"permissions":["iam.serviceAccounts.actAs"]}
[debug] [2022-11-12T15:12:06.028Z] <<< [apiv2][status] POST https://iam.googleapis.com/v1/projects/wad2-eventhive-backend-d0f2c/serviceAccounts/wad2-eventhive-backend-d0f2c@appspot.gserviceaccount.com:testIamPermissions 200
[debug] [2022-11-12T15:12:06.032Z] <<< [apiv2][body] POST https://iam.googleapis.com/v1/projects/wad2-eventhive-backend-d0f2c/serviceAccounts/wad2-eventhive-backend-d0f2c@appspot.gserviceaccount.com:testIamPermissions {"permissions":["iam.serviceAccounts.actAs"]}
[info] 
[info] === Deploying to 'wad2-eventhive-backend-d0f2c'...
[info] 
[info] i  deploying functions 
[debug] [2022-11-12T15:12:06.038Z] >>> [apiv2][query] GET https://firebase.googleapis.com/v1beta1/projects/wad2-eventhive-backend-d0f2c [none]
[debug] [2022-11-12T15:12:06.534Z] <<< [apiv2][status] GET https://firebase.googleapis.com/v1beta1/projects/wad2-eventhive-backend-d0f2c 200
[debug] [2022-11-12T15:12:06.535Z] <<< [apiv2][body] GET https://firebase.googleapis.com/v1beta1/projects/wad2-eventhive-backend-d0f2c {"projectId":"wad2-eventhive-backend-d0f2c","projectNumber":"391410181188","displayName":"wad2-eventhive-backend","name":"projects/wad2-eventhive-backend-d0f2c","resources":{"hostingSite":"wad2-eventhive-backend-d0f2c"},"state":"ACTIVE","etag":"1_bed123a9-e185-4d2f-9f2a-2758a714c799"}
[info] i  functions: ensuring required API cloudfunctions.googleapis.com is enabled... 
[info] i  functions: ensuring required API cloudbuild.googleapis.com is enabled... 
[info] i  artifactregistry: ensuring required API artifactregistry.googleapis.com is enabled... 
[debug] [2022-11-12T15:12:06.539Z] >>> [apiv2][query] GET https://serviceusage.googleapis.com/v1/projects/wad2-eventhive-backend-d0f2c/services/cloudfunctions.googleapis.com [none]
[debug] [2022-11-12T15:12:06.539Z] >>> [apiv2][(partial)header] GET https://serviceusage.googleapis.com/v1/projects/wad2-eventhive-backend-d0f2c/services/cloudfunctions.googleapis.com x-goog-quota-user=projects/wad2-eventhive-backend-d0f2c
[debug] [2022-11-12T15:12:06.543Z] >>> [apiv2][query] GET https://serviceusage.googleapis.com/v1/projects/wad2-eventhive-backend-d0f2c/services/runtimeconfig.googleapis.com [none]
[debug] [2022-11-12T15:12:06.544Z] >>> [apiv2][(partial)header] GET https://serviceusage.googleapis.com/v1/projects/wad2-eventhive-backend-d0f2c/services/runtimeconfig.googleapis.com x-goog-quota-user=projects/wad2-eventhive-backend-d0f2c
[debug] [2022-11-12T15:12:06.547Z] >>> [apiv2][query] GET https://serviceusage.googleapis.com/v1/projects/wad2-eventhive-backend-d0f2c/services/cloudbuild.googleapis.com [none]
[debug] [2022-11-12T15:12:06.548Z] >>> [apiv2][(partial)header] GET https://serviceusage.googleapis.com/v1/projects/wad2-eventhive-backend-d0f2c/services/cloudbuild.googleapis.com x-goog-quota-user=projects/wad2-eventhive-backend-d0f2c
[debug] [2022-11-12T15:12:06.551Z] >>> [apiv2][query] GET https://serviceusage.googleapis.com/v1/projects/wad2-eventhive-backend-d0f2c/services/artifactregistry.googleapis.com [none]
[debug] [2022-11-12T15:12:06.552Z] >>> [apiv2][(partial)header] GET https://serviceusage.googleapis.com/v1/projects/wad2-eventhive-backend-d0f2c/services/artifactregistry.googleapis.com x-goog-quota-user=projects/wad2-eventhive-backend-d0f2c
[debug] [2022-11-12T15:12:08.053Z] <<< [apiv2][status] GET https://serviceusage.googleapis.com/v1/projects/wad2-eventhive-backend-d0f2c/services/runtimeconfig.googleapis.com 200
[debug] [2022-11-12T15:12:08.054Z] <<< [apiv2][body] GET https://serviceusage.googleapis.com/v1/projects/wad2-eventhive-backend-d0f2c/services/runtimeconfig.googleapis.com [omitted]
[debug] [2022-11-12T15:12:08.056Z] <<< [apiv2][status] GET https://serviceusage.googleapis.com/v1/projects/wad2-eventhive-backend-d0f2c/services/cloudfunctions.googleapis.com 200
[debug] [2022-11-12T15:12:08.056Z] <<< [apiv2][body] GET https://serviceusage.googleapis.com/v1/projects/wad2-eventhive-backend-d0f2c/services/cloudfunctions.googleapis.com [omitted]
[info] ✔  functions: required API cloudfunctions.googleapis.com is enabled 
[debug] [2022-11-12T15:12:08.192Z] <<< [apiv2][status] GET https://serviceusage.googleapis.com/v1/projects/wad2-eventhive-backend-d0f2c/services/artifactregistry.googleapis.com 200
[debug] [2022-11-12T15:12:08.192Z] <<< [apiv2][body] GET https://serviceusage.googleapis.com/v1/projects/wad2-eventhive-backend-d0f2c/services/artifactregistry.googleapis.com [omitted]
[info] ✔  artifactregistry: required API artifactregistry.googleapis.com is enabled 
[debug] [2022-11-12T15:12:08.201Z] <<< [apiv2][status] GET https://serviceusage.googleapis.com/v1/projects/wad2-eventhive-backend-d0f2c/services/cloudbuild.googleapis.com 200
[debug] [2022-11-12T15:12:08.201Z] <<< [apiv2][body] GET https://serviceusage.googleapis.com/v1/projects/wad2-eventhive-backend-d0f2c/services/cloudbuild.googleapis.com [omitted]
[info] ✔  functions: required API cloudbuild.googleapis.com is enabled 
[debug] [2022-11-12T15:12:08.202Z] >>> [apiv2][query] GET https://firebase.googleapis.com/v1beta1/projects/wad2-eventhive-backend-d0f2c/adminSdkConfig [none]
[debug] [2022-11-12T15:12:08.687Z] <<< [apiv2][status] GET https://firebase.googleapis.com/v1beta1/projects/wad2-eventhive-backend-d0f2c/adminSdkConfig 200
[debug] [2022-11-12T15:12:08.688Z] <<< [apiv2][body] GET https://firebase.googleapis.com/v1beta1/projects/wad2-eventhive-backend-d0f2c/adminSdkConfig {"projectId":"wad2-eventhive-backend-d0f2c","storageBucket":"wad2-eventhive-backend-d0f2c.appspot.com"}
[debug] [2022-11-12T15:12:08.690Z] >>> [apiv2][query] GET https://runtimeconfig.googleapis.com/v1beta1/projects/wad2-eventhive-backend-d0f2c/configs [none]
[debug] [2022-11-12T15:12:09.199Z] <<< [apiv2][status] GET https://runtimeconfig.googleapis.com/v1beta1/projects/wad2-eventhive-backend-d0f2c/configs 200
[debug] [2022-11-12T15:12:09.200Z] <<< [apiv2][body] GET https://runtimeconfig.googleapis.com/v1beta1/projects/wad2-eventhive-backend-d0f2c/configs {}
[info] i  functions: preparing codebase default for deployment 
[debug] [2022-11-12T15:12:09.206Z] Validating nodejs source
[warn] ⚠  functions: package.json indicates an outdated version of firebase-functions. Please upgrade using npm install --save firebase-functions@latest in your functions directory. 
[warn] ⚠  functions: Please note that there will be breaking changes when you upgrade. 
[debug] [2022-11-12T15:12:10.661Z] > [functions] package.json contents: {
  "name": "functions",
  "description": "Cloud Functions for Firebase",
  "scripts": {
    "serve": "firebase emulators:start --only functions",
    "shell": "firebase functions:shell",
    "start": "npm run shell",
    "deploy": "firebase deploy --only functions",
    "logs": "firebase functions:log"
  },
  "engines": {
    "node": "16"
  },
  "main": "index.js",
  "dependencies": {
    "axios": "^0.27.2",
    "cors": "^2.8.5",
    "dotenv": "^16.0.2",
    "express": "^4.18.1",
    "firebase-admin": "^10.3.0",
    "firebase-functions": "^3.24.1",
    "mongodb": "^4.10.0",
    "nodemailer": "^6.8.0"
  },
  "devDependencies": {
    "firebase-functions-test": "^0.2.0"
  },
  "private": true
}
[debug] [2022-11-12T15:12:10.661Z] Building nodejs source
[info] i  functions: Loaded environment variables from .env. 
[debug] [2022-11-12T15:12:10.666Z] Could not find functions.yaml. Must use http discovery
[debug] [2022-11-12T15:12:11.049Z] Serving at port 9005

[debug] [2022-11-12T15:12:11.256Z] Server started on port 3000

[debug] [2022-11-12T15:12:11.264Z] Got response from /__/functions.yaml {"endpoints":{"app":{"platform":"gcfv1","httpsTrigger":{},"entryPoint":"app"}},"specVersion":"v1alpha1","requiredAPIs":[]}
[debug] [2022-11-12T15:12:11.275Z] shutdown requested via /__/quitquitquit

[info] i  functions: preparing functions directory for uploading... 
[info] i  functions: packaged /Users/thaddeuslee/Development/wad2-backend-v2/functions (65.08 KB) for uploading 
[debug] [2022-11-12T15:12:21.438Z] >>> [apiv2][query] GET https://cloudfunctions.googleapis.com/v1/projects/wad2-eventhive-backend-d0f2c/locations/-/functions [none]
[debug] [2022-11-12T15:12:22.127Z] <<< [apiv2][status] GET https://cloudfunctions.googleapis.com/v1/projects/wad2-eventhive-backend-d0f2c/locations/-/functions 200
[debug] [2022-11-12T15:12:22.128Z] <<< [apiv2][body] GET https://cloudfunctions.googleapis.com/v1/projects/wad2-eventhive-backend-d0f2c/locations/-/functions {"functions":[{"name":"projects/wad2-eventhive-backend-d0f2c/locations/us-central1/functions/app","httpsTrigger":{"url":"https://us-central1-wad2-eventhive-backend-d0f2c.cloudfunctions.net/app","securityLevel":"SECURE_ALWAYS"},"status":"ACTIVE","entryPoint":"app","timeout":"60s","availableMemoryMb":256,"serviceAccountEmail":"wad2-eventhive-backend-d0f2c@appspot.gserviceaccount.com","updateTime":"2022-11-08T07:53:40.067Z","versionId":"24","labels":{"deployment-tool":"cli-firebase","firebase-functions-hash":"24fbb0a91eaa6bd024cad2efc3dab1ecb14e1f28"},"sourceUploadUrl":"https://storage.googleapis.com/uploads-495639867858.us-central1.cloudfunctions.appspot.com/5d55a8f6-57a1-4b45-8f87-ad7112c4f4f6.zip","environmentVariables":{"MONGODB_URI":"mongodb+srv://basedAdmin:cringe123@wad2.rlbhxwm.mongodb.net/?retryWrites=true&w=majority","FIREBASE_CONFIG":"{\"projectId\":\"wad2-eventhive-backend-d0f2c\",\"storageBucket\":\"wad2-eventhive-backend-d0f2c.appspot.com\"}","GCLOUD_PROJECT":"wad2-eventhive-backend-d0f2c"},"runtime":"nodejs16","ingressSettings":"ALLOW_ALL","buildId":"56d6a436-ce28-4954-9bc1-5c8bb1e8b505","buildName":"projects/391410181188/locations/us-central1/builds/56d6a436-ce28-4954-9bc1-5c8bb1e8b505","dockerRegistry":"ARTIFACT_REGISTRY"}]}
[debug] [2022-11-12T15:12:22.132Z] >>> [apiv2][query] GET https://cloudfunctions.googleapis.com/v2/projects/wad2-eventhive-backend-d0f2c/locations/-/functions filter=environment%3D%22GEN_2%22
[debug] [2022-11-12T15:12:23.906Z] <<< [apiv2][status] GET https://cloudfunctions.googleapis.com/v2/projects/wad2-eventhive-backend-d0f2c/locations/-/functions 200
[debug] [2022-11-12T15:12:23.907Z] <<< [apiv2][body] GET https://cloudfunctions.googleapis.com/v2/projects/wad2-eventhive-backend-d0f2c/locations/-/functions {}
[debug] [2022-11-12T15:12:23.935Z] >>> [apiv2][query] GET https://firebase.googleapis.com/v1beta1/projects/wad2-eventhive-backend-d0f2c [none]
[debug] [2022-11-12T15:12:24.315Z] <<< [apiv2][status] GET https://firebase.googleapis.com/v1beta1/projects/wad2-eventhive-backend-d0f2c 200
[debug] [2022-11-12T15:12:24.317Z] <<< [apiv2][body] GET https://firebase.googleapis.com/v1beta1/projects/wad2-eventhive-backend-d0f2c {"projectId":"wad2-eventhive-backend-d0f2c","projectNumber":"391410181188","displayName":"wad2-eventhive-backend","name":"projects/wad2-eventhive-backend-d0f2c","resources":{"hostingSite":"wad2-eventhive-backend-d0f2c"},"state":"ACTIVE","etag":"1_bed123a9-e185-4d2f-9f2a-2758a714c799"}
[debug] [2022-11-12T15:12:24.324Z] >>> [apiv2][query] POST https://cloudfunctions.googleapis.com/v1/projects/wad2-eventhive-backend-d0f2c/locations/us-central1/functions:generateUploadUrl [none]
[debug] [2022-11-12T15:12:24.325Z] >>> [apiv2][body] POST https://cloudfunctions.googleapis.com/v1/projects/wad2-eventhive-backend-d0f2c/locations/us-central1/functions:generateUploadUrl {}
[debug] [2022-11-12T15:12:25.106Z] <<< [apiv2][status] POST https://cloudfunctions.googleapis.com/v1/projects/wad2-eventhive-backend-d0f2c/locations/us-central1/functions:generateUploadUrl 200
[debug] [2022-11-12T15:12:25.112Z] <<< [apiv2][body] POST https://cloudfunctions.googleapis.com/v1/projects/wad2-eventhive-backend-d0f2c/locations/us-central1/functions:generateUploadUrl {"uploadUrl":"https://storage.googleapis.com/uploads-495639867858.us-central1.cloudfunctions.appspot.com/fcb0aca5-9fad-4f82-8b0d-7df26d3de055.zip?GoogleAccessId=service-391410181188@gcf-admin-robot.iam.gserviceaccount.com&Expires=1668267744&Signature=fUEJoBqtHjcpoDukIqADlNS6E8KXCuN%2B5DTvpqUYCS8I7QaHPtUHuYvqTvD0AOhMue551bgndyOZCDt9k%2Fy90kBXVFHavXPwU3FaKlgKjer6ANWFw3hoXiaVpimFLLgK0S4k8yg%2F2HVsFvbqjqIlDqyded28kE9SaiToonNbRl5ojGWmXTNmHo1fXHYRwP%2FNgSyXNSMfhiwHOyX9b9mjQVzCA5EvUgQIzlnQqAkaOl27iZoFBN%2Bi4xnRzzlnkbmMMDrCoIi1Yjd%2BajBCR1g4r7JJhsDBhFkveTjf%2Favq0UfZF52L1vtZ%2FIG43XWFV3RQshvOhq5Mv%2FlX00B34zUVdg%3D%3D"}
[debug] [2022-11-12T15:12:25.117Z] >>> [apiv2][query] PUT https://storage.googleapis.com/uploads-495639867858.us-central1.cloudfunctions.appspot.com/fcb0aca5-9fad-4f82-8b0d-7df26d3de055.zip GoogleAccessId=service-391410181188%40gcf-admin-robot.iam.gserviceaccount.com&Expires=1668267744&Signature=fUEJoBqtHjcpoDukIqADlNS6E8KXCuN%2B5DTvpqUYCS8I7QaHPtUHuYvqTvD0AOhMue551bgndyOZCDt9k%2Fy90kBXVFHavXPwU3FaKlgKjer6ANWFw3hoXiaVpimFLLgK0S4k8yg%2F2HVsFvbqjqIlDqyded28kE9SaiToonNbRl5ojGWmXTNmHo1fXHYRwP%2FNgSyXNSMfhiwHOyX9b9mjQVzCA5EvUgQIzlnQqAkaOl27iZoFBN%2Bi4xnRzzlnkbmMMDrCoIi1Yjd%2BajBCR1g4r7JJhsDBhFkveTjf%2Favq0UfZF52L1vtZ%2FIG43XWFV3RQshvOhq5Mv%2FlX00B34zUVdg%3D%3D
[debug] [2022-11-12T15:12:25.118Z] >>> [apiv2][body] PUT https://storage.googleapis.com/uploads-495639867858.us-central1.cloudfunctions.appspot.com/fcb0aca5-9fad-4f82-8b0d-7df26d3de055.zip [stream]
[debug] [2022-11-12T15:12:27.562Z] <<< [apiv2][status] PUT https://storage.googleapis.com/uploads-495639867858.us-central1.cloudfunctions.appspot.com/fcb0aca5-9fad-4f82-8b0d-7df26d3de055.zip 200
[debug] [2022-11-12T15:12:27.562Z] <<< [apiv2][body] PUT https://storage.googleapis.com/uploads-495639867858.us-central1.cloudfunctions.appspot.com/fcb0aca5-9fad-4f82-8b0d-7df26d3de055.zip [omitted]
[info] ✔  functions: functions folder uploaded successfully 
[info] i  functions: updating Node.js 16 function app(us-central1)... 
[debug] [2022-11-12T15:12:27.579Z] >>> [apiv2][query] PATCH https://cloudfunctions.googleapis.com/v1/projects/wad2-eventhive-backend-d0f2c/locations/us-central1/functions/app updateMask=name%2CsourceUploadUrl%2CentryPoint%2Cruntime%2CdockerRegistry%2Clabels%2ChttpsTrigger.securityLevel%2CenvironmentVariables%2CavailableMemoryMb%2CsourceToken
[debug] [2022-11-12T15:12:27.580Z] >>> [apiv2][body] PATCH https://cloudfunctions.googleapis.com/v1/projects/wad2-eventhive-backend-d0f2c/locations/us-central1/functions/app {"name":"projects/wad2-eventhive-backend-d0f2c/locations/us-central1/functions/app","sourceUploadUrl":"https://storage.googleapis.com/uploads-495639867858.us-central1.cloudfunctions.appspot.com/fcb0aca5-9fad-4f82-8b0d-7df26d3de055.zip?GoogleAccessId=service-391410181188@gcf-admin-robot.iam.gserviceaccount.com&Expires=1668267744&Signature=fUEJoBqtHjcpoDukIqADlNS6E8KXCuN%2B5DTvpqUYCS8I7QaHPtUHuYvqTvD0AOhMue551bgndyOZCDt9k%2Fy90kBXVFHavXPwU3FaKlgKjer6ANWFw3hoXiaVpimFLLgK0S4k8yg%2F2HVsFvbqjqIlDqyded28kE9SaiToonNbRl5ojGWmXTNmHo1fXHYRwP%2FNgSyXNSMfhiwHOyX9b9mjQVzCA5EvUgQIzlnQqAkaOl27iZoFBN%2Bi4xnRzzlnkbmMMDrCoIi1Yjd%2BajBCR1g4r7JJhsDBhFkveTjf%2Favq0UfZF52L1vtZ%2FIG43XWFV3RQshvOhq5Mv%2FlX00B34zUVdg%3D%3D","entryPoint":"app","runtime":"nodejs16","dockerRegistry":"ARTIFACT_REGISTRY","labels":{"deployment-tool":"cli-firebase","firebase-functions-hash":"fd3380ef45a7b465bb3656e8577dfbc2fd14aa86"},"httpsTrigger":{"securityLevel":"SECURE_ALWAYS"},"environmentVariables":{"MONGODB_URI":"mongodb+srv://basedAdmin:cringe123@wad2.rlbhxwm.mongodb.net/?retryWrites=true&w=majority","FIREBASE_CONFIG":"{\"projectId\":\"wad2-eventhive-backend-d0f2c\",\"storageBucket\":\"wad2-eventhive-backend-d0f2c.appspot.com\"}","GCLOUD_PROJECT":"wad2-eventhive-backend-d0f2c"},"availableMemoryMb":256}
[debug] [2022-11-12T15:12:28.378Z] <<< [apiv2][status] PATCH https://cloudfunctions.googleapis.com/v1/projects/wad2-eventhive-backend-d0f2c/locations/us-central1/functions/app 200
[debug] [2022-11-12T15:12:28.378Z] <<< [apiv2][body] PATCH https://cloudfunctions.googleapis.com/v1/projects/wad2-eventhive-backend-d0f2c/locations/us-central1/functions/app {"name":"operations/d2FkMi1ldmVudGhpdmUtYmFja2VuZC1kMGYyYy91cy1jZW50cmFsMS9hcHAvUXFrWEpzbk9OUFU","metadata":{"@type":"type.googleapis.com/google.cloud.functions.v1.OperationMetadataV1","target":"projects/wad2-eventhive-backend-d0f2c/locations/us-central1/functions/app","type":"UPDATE_FUNCTION","request":{"@type":"type.googleapis.com/google.cloud.functions.v1.CloudFunction","name":"projects/wad2-eventhive-backend-d0f2c/locations/us-central1/functions/app","httpsTrigger":{"url":"https://us-central1-wad2-eventhive-backend-d0f2c.cloudfunctions.net/app","securityLevel":"SECURE_ALWAYS"},"status":"ACTIVE","entryPoint":"app","timeout":"60s","availableMemoryMb":256,"serviceAccountEmail":"wad2-eventhive-backend-d0f2c@appspot.gserviceaccount.com","updateTime":"2022-11-08T07:53:40.067Z","versionId":"24","labels":{"deployment-tool":"cli-firebase","firebase-functions-hash":"fd3380ef45a7b465bb3656e8577dfbc2fd14aa86"},"sourceUploadUrl":"https://storage.googleapis.com/uploads-495639867858.us-central1.cloudfunctions.appspot.com/fcb0aca5-9fad-4f82-8b0d-7df26d3de055.zip?GoogleAccessId=service-391410181188@gcf-admin-robot.iam.gserviceaccount.com&Expires=1668267744&Signature=fUEJoBqtHjcpoDukIqADlNS6E8KXCuN%2B5DTvpqUYCS8I7QaHPtUHuYvqTvD0AOhMue551bgndyOZCDt9k%2Fy90kBXVFHavXPwU3FaKlgKjer6ANWFw3hoXiaVpimFLLgK0S4k8yg%2F2HVsFvbqjqIlDqyded28kE9SaiToonNbRl5ojGWmXTNmHo1fXHYRwP%2FNgSyXNSMfhiwHOyX9b9mjQVzCA5EvUgQIzlnQqAkaOl27iZoFBN%2Bi4xnRzzlnkbmMMDrCoIi1Yjd%2BajBCR1g4r7JJhsDBhFkveTjf%2Favq0UfZF52L1vtZ%2FIG43XWFV3RQshvOhq5Mv%2FlX00B34zUVdg%3D%3D","environmentVariables":{"MONGODB_URI":"mongodb+srv://basedAdmin:cringe123@wad2.rlbhxwm.mongodb.net/?retryWrites=true&w=majority","FIREBASE_CONFIG":"{\"projectId\":\"wad2-eventhive-backend-d0f2c\",\"storageBucket\":\"wad2-eventhive-backend-d0f2c.appspot.com\"}","GCLOUD_PROJECT":"wad2-eventhive-backend-d0f2c"},"runtime":"nodejs16","ingressSettings":"ALLOW_ALL","buildId":"56d6a436-ce28-4954-9bc1-5c8bb1e8b505","buildName":"projects/391410181188/locations/us-central1/builds/56d6a436-ce28-4954-9bc1-5c8bb1e8b505","dockerRegistry":"ARTIFACT_REGISTRY"},"versionId":"25","updateTime":"2022-11-12T15:12:28Z"}}
[debug] [2022-11-12T15:12:28.380Z] >>> [apiv2][query] GET https://cloudfunctions.googleapis.com/v1/operations/d2FkMi1ldmVudGhpdmUtYmFja2VuZC1kMGYyYy91cy1jZW50cmFsMS9hcHAvUXFrWEpzbk9OUFU [none]
[debug] [2022-11-12T15:12:28.960Z] <<< [apiv2][status] GET https://cloudfunctions.googleapis.com/v1/operations/d2FkMi1ldmVudGhpdmUtYmFja2VuZC1kMGYyYy91cy1jZW50cmFsMS9hcHAvUXFrWEpzbk9OUFU 200
[debug] [2022-11-12T15:12:28.960Z] <<< [apiv2][body] GET https://cloudfunctions.googleapis.com/v1/operations/d2FkMi1ldmVudGhpdmUtYmFja2VuZC1kMGYyYy91cy1jZW50cmFsMS9hcHAvUXFrWEpzbk9OUFU {"name":"operations/d2FkMi1ldmVudGhpdmUtYmFja2VuZC1kMGYyYy91cy1jZW50cmFsMS9hcHAvUXFrWEpzbk9OUFU","metadata":{"@type":"type.googleapis.com/google.cloud.functions.v1.OperationMetadataV1","target":"projects/wad2-eventhive-backend-d0f2c/locations/us-central1/functions/app","type":"UPDATE_FUNCTION","request":{"@type":"type.googleapis.com/google.cloud.functions.v1.CloudFunction","name":"projects/wad2-eventhive-backend-d0f2c/locations/us-central1/functions/app","httpsTrigger":{"url":"https://us-central1-wad2-eventhive-backend-d0f2c.cloudfunctions.net/app","securityLevel":"SECURE_ALWAYS"},"status":"ACTIVE","entryPoint":"app","timeout":"60s","availableMemoryMb":256,"serviceAccountEmail":"wad2-eventhive-backend-d0f2c@appspot.gserviceaccount.com","updateTime":"2022-11-08T07:53:40.067Z","versionId":"24","labels":{"deployment-tool":"cli-firebase","firebase-functions-hash":"fd3380ef45a7b465bb3656e8577dfbc2fd14aa86"},"sourceUploadUrl":"https://storage.googleapis.com/uploads-495639867858.us-central1.cloudfunctions.appspot.com/fcb0aca5-9fad-4f82-8b0d-7df26d3de055.zip?GoogleAccessId=service-391410181188@gcf-admin-robot.iam.gserviceaccount.com&Expires=1668267744&Signature=fUEJoBqtHjcpoDukIqADlNS6E8KXCuN%2B5DTvpqUYCS8I7QaHPtUHuYvqTvD0AOhMue551bgndyOZCDt9k%2Fy90kBXVFHavXPwU3FaKlgKjer6ANWFw3hoXiaVpimFLLgK0S4k8yg%2F2HVsFvbqjqIlDqyded28kE9SaiToonNbRl5ojGWmXTNmHo1fXHYRwP%2FNgSyXNSMfhiwHOyX9b9mjQVzCA5EvUgQIzlnQqAkaOl27iZoFBN%2Bi4xnRzzlnkbmMMDrCoIi1Yjd%2BajBCR1g4r7JJhsDBhFkveTjf%2Favq0UfZF52L1vtZ%2FIG43XWFV3RQshvOhq5Mv%2FlX00B34zUVdg%3D%3D","environmentVariables":{"MONGODB_URI":"mongodb+srv://basedAdmin:cringe123@wad2.rlbhxwm.mongodb.net/?retryWrites=true&w=majority","FIREBASE_CONFIG":"{\"projectId\":\"wad2-eventhive-backend-d0f2c\",\"storageBucket\":\"wad2-eventhive-backend-d0f2c.appspot.com\"}","GCLOUD_PROJECT":"wad2-eventhive-backend-d0f2c"},"runtime":"nodejs16","ingressSettings":"ALLOW_ALL","buildId":"56d6a436-ce28-4954-9bc1-5c8bb1e8b505","buildName":"projects/391410181188/locations/us-central1/builds/56d6a436-ce28-4954-9bc1-5c8bb1e8b505","dockerRegistry":"ARTIFACT_REGISTRY"},"versionId":"25","updateTime":"2022-11-12T15:12:28Z"}}
[debug] [2022-11-12T15:12:29.463Z] [update-default-us-central1-app] Retrying task index 0
[debug] [2022-11-12T15:12:29.465Z] >>> [apiv2][query] GET https://cloudfunctions.googleapis.com/v1/operations/d2FkMi1ldmVudGhpdmUtYmFja2VuZC1kMGYyYy91cy1jZW50cmFsMS9hcHAvUXFrWEpzbk9OUFU [none]
[debug] [2022-11-12T15:12:29.928Z] <<< [apiv2][status] GET https://cloudfunctions.googleapis.com/v1/operations/d2FkMi1ldmVudGhpdmUtYmFja2VuZC1kMGYyYy91cy1jZW50cmFsMS9hcHAvUXFrWEpzbk9OUFU 200
[debug] [2022-11-12T15:12:29.929Z] <<< [apiv2][body] GET https://cloudfunctions.googleapis.com/v1/operations/d2FkMi1ldmVudGhpdmUtYmFja2VuZC1kMGYyYy91cy1jZW50cmFsMS9hcHAvUXFrWEpzbk9OUFU {"name":"operations/d2FkMi1ldmVudGhpdmUtYmFja2VuZC1kMGYyYy91cy1jZW50cmFsMS9hcHAvUXFrWEpzbk9OUFU","metadata":{"@type":"type.googleapis.com/google.cloud.functions.v1.OperationMetadataV1","target":"projects/wad2-eventhive-backend-d0f2c/locations/us-central1/functions/app","type":"UPDATE_FUNCTION","request":{"@type":"type.googleapis.com/google.cloud.functions.v1.CloudFunction","name":"projects/wad2-eventhive-backend-d0f2c/locations/us-central1/functions/app","httpsTrigger":{"url":"https://us-central1-wad2-eventhive-backend-d0f2c.cloudfunctions.net/app","securityLevel":"SECURE_ALWAYS"},"status":"ACTIVE","entryPoint":"app","timeout":"60s","availableMemoryMb":256,"serviceAccountEmail":"wad2-eventhive-backend-d0f2c@appspot.gserviceaccount.com","updateTime":"2022-11-08T07:53:40.067Z","versionId":"24","labels":{"deployment-tool":"cli-firebase","firebase-functions-hash":"fd3380ef45a7b465bb3656e8577dfbc2fd14aa86"},"sourceUploadUrl":"https://storage.googleapis.com/uploads-495639867858.us-central1.cloudfunctions.appspot.com/fcb0aca5-9fad-4f82-8b0d-7df26d3de055.zip?GoogleAccessId=service-391410181188@gcf-admin-robot.iam.gserviceaccount.com&Expires=1668267744&Signature=fUEJoBqtHjcpoDukIqADlNS6E8KXCuN%2B5DTvpqUYCS8I7QaHPtUHuYvqTvD0AOhMue551bgndyOZCDt9k%2Fy90kBXVFHavXPwU3FaKlgKjer6ANWFw3hoXiaVpimFLLgK0S4k8yg%2F2HVsFvbqjqIlDqyded28kE9SaiToonNbRl5ojGWmXTNmHo1fXHYRwP%2FNgSyXNSMfhiwHOyX9b9mjQVzCA5EvUgQIzlnQqAkaOl27iZoFBN%2Bi4xnRzzlnkbmMMDrCoIi1Yjd%2BajBCR1g4r7JJhsDBhFkveTjf%2Favq0UfZF52L1vtZ%2FIG43XWFV3RQshvOhq5Mv%2FlX00B34zUVdg%3D%3D","environmentVariables":{"MONGODB_URI":"mongodb+srv://basedAdmin:cringe123@wad2.rlbhxwm.mongodb.net/?retryWrites=true&w=majority","FIREBASE_CONFIG":"{\"projectId\":\"wad2-eventhive-backend-d0f2c\",\"storageBucket\":\"wad2-eventhive-backend-d0f2c.appspot.com\"}","GCLOUD_PROJECT":"wad2-eventhive-backend-d0f2c"},"runtime":"nodejs16","ingressSettings":"ALLOW_ALL","buildId":"56d6a436-ce28-4954-9bc1-5c8bb1e8b505","buildName":"projects/391410181188/locations/us-central1/builds/56d6a436-ce28-4954-9bc1-5c8bb1e8b505","dockerRegistry":"ARTIFACT_REGISTRY"},"versionId":"25","updateTime":"2022-11-12T15:12:28Z","buildId":"edc92c76-aaf9-41a1-b503-aa871219eab3","buildName":"projects/391410181188/locations/us-central1/builds/edc92c76-aaf9-41a1-b503-aa871219eab3"}}
[debug] [2022-11-12T15:12:30.934Z] [update-default-us-central1-app] Retrying task index 0
[debug] [2022-11-12T15:12:30.938Z] >>> [apiv2][query] GET https://cloudfunctions.googleapis.com/v1/operations/d2FkMi1ldmVudGhpdmUtYmFja2VuZC1kMGYyYy91cy1jZW50cmFsMS9hcHAvUXFrWEpzbk9OUFU [none]
[debug] [2022-11-12T15:12:31.439Z] <<< [apiv2][status] GET https://cloudfunctions.googleapis.com/v1/operations/d2FkMi1ldmVudGhpdmUtYmFja2VuZC1kMGYyYy91cy1jZW50cmFsMS9hcHAvUXFrWEpzbk9OUFU 200
[debug] [2022-11-12T15:12:31.440Z] <<< [apiv2][body] GET https://cloudfunctions.googleapis.com/v1/operations/d2FkMi1ldmVudGhpdmUtYmFja2VuZC1kMGYyYy91cy1jZW50cmFsMS9hcHAvUXFrWEpzbk9OUFU {"name":"operations/d2FkMi1ldmVudGhpdmUtYmFja2VuZC1kMGYyYy91cy1jZW50cmFsMS9hcHAvUXFrWEpzbk9OUFU","metadata":{"@type":"type.googleapis.com/google.cloud.functions.v1.OperationMetadataV1","target":"projects/wad2-eventhive-backend-d0f2c/locations/us-central1/functions/app","type":"UPDATE_FUNCTION","request":{"@type":"type.googleapis.com/google.cloud.functions.v1.CloudFunction","name":"projects/wad2-eventhive-backend-d0f2c/locations/us-central1/functions/app","httpsTrigger":{"url":"https://us-central1-wad2-eventhive-backend-d0f2c.cloudfunctions.net/app","securityLevel":"SECURE_ALWAYS"},"status":"ACTIVE","entryPoint":"app","timeout":"60s","availableMemoryMb":256,"serviceAccountEmail":"wad2-eventhive-backend-d0f2c@appspot.gserviceaccount.com","updateTime":"2022-11-08T07:53:40.067Z","versionId":"24","labels":{"deployment-tool":"cli-firebase","firebase-functions-hash":"fd3380ef45a7b465bb3656e8577dfbc2fd14aa86"},"sourceUploadUrl":"https://storage.googleapis.com/uploads-495639867858.us-central1.cloudfunctions.appspot.com/fcb0aca5-9fad-4f82-8b0d-7df26d3de055.zip?GoogleAccessId=service-391410181188@gcf-admin-robot.iam.gserviceaccount.com&Expires=1668267744&Signature=fUEJoBqtHjcpoDukIqADlNS6E8KXCuN%2B5DTvpqUYCS8I7QaHPtUHuYvqTvD0AOhMue551bgndyOZCDt9k%2Fy90kBXVFHavXPwU3FaKlgKjer6ANWFw3hoXiaVpimFLLgK0S4k8yg%2F2HVsFvbqjqIlDqyded28kE9SaiToonNbRl5ojGWmXTNmHo1fXHYRwP%2FNgSyXNSMfhiwHOyX9b9mjQVzCA5EvUgQIzlnQqAkaOl27iZoFBN%2Bi4xnRzzlnkbmMMDrCoIi1Yjd%2BajBCR1g4r7JJhsDBhFkveTjf%2Favq0UfZF52L1vtZ%2FIG43XWFV3RQshvOhq5Mv%2FlX00B34zUVdg%3D%3D","environmentVariables":{"MONGODB_URI":"mongodb+srv://basedAdmin:cringe123@wad2.rlbhxwm.mongodb.net/?retryWrites=true&w=majority","FIREBASE_CONFIG":"{\"projectId\":\"wad2-eventhive-backend-d0f2c\",\"storageBucket\":\"wad2-eventhive-backend-d0f2c.appspot.com\"}","GCLOUD_PROJECT":"wad2-eventhive-backend-d0f2c"},"runtime":"nodejs16","ingressSettings":"ALLOW_ALL","buildId":"56d6a436-ce28-4954-9bc1-5c8bb1e8b505","buildName":"projects/391410181188/locations/us-central1/builds/56d6a436-ce28-4954-9bc1-5c8bb1e8b505","dockerRegistry":"ARTIFACT_REGISTRY"},"versionId":"25","updateTime":"2022-11-12T15:12:28Z","buildId":"edc92c76-aaf9-41a1-b503-aa871219eab3","buildName":"projects/391410181188/locations/us-central1/builds/edc92c76-aaf9-41a1-b503-aa871219eab3"}}
[debug] [2022-11-12T15:12:33.442Z] [update-default-us-central1-app] Retrying task index 0
[debug] [2022-11-12T15:12:33.449Z] >>> [apiv2][query] GET https://cloudfunctions.googleapis.com/v1/operations/d2FkMi1ldmVudGhpdmUtYmFja2VuZC1kMGYyYy91cy1jZW50cmFsMS9hcHAvUXFrWEpzbk9OUFU [none]
[debug] [2022-11-12T15:12:33.917Z] <<< [apiv2][status] GET https://cloudfunctions.googleapis.com/v1/operations/d2FkMi1ldmVudGhpdmUtYmFja2VuZC1kMGYyYy91cy1jZW50cmFsMS9hcHAvUXFrWEpzbk9OUFU 200
[debug] [2022-11-12T15:12:33.918Z] <<< [apiv2][body] GET https://cloudfunctions.googleapis.com/v1/operations/d2FkMi1ldmVudGhpdmUtYmFja2VuZC1kMGYyYy91cy1jZW50cmFsMS9hcHAvUXFrWEpzbk9OUFU {"name":"operations/d2FkMi1ldmVudGhpdmUtYmFja2VuZC1kMGYyYy91cy1jZW50cmFsMS9hcHAvUXFrWEpzbk9OUFU","metadata":{"@type":"type.googleapis.com/google.cloud.functions.v1.OperationMetadataV1","target":"projects/wad2-eventhive-backend-d0f2c/locations/us-central1/functions/app","type":"UPDATE_FUNCTION","request":{"@type":"type.googleapis.com/google.cloud.functions.v1.CloudFunction","name":"projects/wad2-eventhive-backend-d0f2c/locations/us-central1/functions/app","httpsTrigger":{"url":"https://us-central1-wad2-eventhive-backend-d0f2c.cloudfunctions.net/app","securityLevel":"SECURE_ALWAYS"},"status":"ACTIVE","entryPoint":"app","timeout":"60s","availableMemoryMb":256,"serviceAccountEmail":"wad2-eventhive-backend-d0f2c@appspot.gserviceaccount.com","updateTime":"2022-11-08T07:53:40.067Z","versionId":"24","labels":{"deployment-tool":"cli-firebase","firebase-functions-hash":"fd3380ef45a7b465bb3656e8577dfbc2fd14aa86"},"sourceUploadUrl":"https://storage.googleapis.com/uploads-495639867858.us-central1.cloudfunctions.appspot.com/fcb0aca5-9fad-4f82-8b0d-7df26d3de055.zip?GoogleAccessId=service-391410181188@gcf-admin-robot.iam.gserviceaccount.com&Expires=1668267744&Signature=fUEJoBqtHjcpoDukIqADlNS6E8KXCuN%2B5DTvpqUYCS8I7QaHPtUHuYvqTvD0AOhMue551bgndyOZCDt9k%2Fy90kBXVFHavXPwU3FaKlgKjer6ANWFw3hoXiaVpimFLLgK0S4k8yg%2F2HVsFvbqjqIlDqyded28kE9SaiToonNbRl5ojGWmXTNmHo1fXHYRwP%2FNgSyXNSMfhiwHOyX9b9mjQVzCA5EvUgQIzlnQqAkaOl27iZoFBN%2Bi4xnRzzlnkbmMMDrCoIi1Yjd%2BajBCR1g4r7JJhsDBhFkveTjf%2Favq0UfZF52L1vtZ%2FIG43XWFV3RQshvOhq5Mv%2FlX00B34zUVdg%3D%3D","environmentVariables":{"MONGODB_URI":"mongodb+srv://basedAdmin:cringe123@wad2.rlbhxwm.mongodb.net/?retryWrites=true&w=majority","FIREBASE_CONFIG":"{\"projectId\":\"wad2-eventhive-backend-d0f2c\",\"storageBucket\":\"wad2-eventhive-backend-d0f2c.appspot.com\"}","GCLOUD_PROJECT":"wad2-eventhive-backend-d0f2c"},"runtime":"nodejs16","ingressSettings":"ALLOW_ALL","buildId":"56d6a436-ce28-4954-9bc1-5c8bb1e8b505","buildName":"projects/391410181188/locations/us-central1/builds/56d6a436-ce28-4954-9bc1-5c8bb1e8b505","dockerRegistry":"ARTIFACT_REGISTRY"},"versionId":"25","updateTime":"2022-11-12T15:12:28Z","buildId":"edc92c76-aaf9-41a1-b503-aa871219eab3","buildName":"projects/391410181188/locations/us-central1/builds/edc92c76-aaf9-41a1-b503-aa871219eab3"}}
[debug] [2022-11-12T15:12:37.920Z] [update-default-us-central1-app] Retrying task index 0
[debug] [2022-11-12T15:12:37.928Z] >>> [apiv2][query] GET https://cloudfunctions.googleapis.com/v1/operations/d2FkMi1ldmVudGhpdmUtYmFja2VuZC1kMGYyYy91cy1jZW50cmFsMS9hcHAvUXFrWEpzbk9OUFU [none]
[debug] [2022-11-12T15:12:38.374Z] <<< [apiv2][status] GET https://cloudfunctions.googleapis.com/v1/operations/d2FkMi1ldmVudGhpdmUtYmFja2VuZC1kMGYyYy91cy1jZW50cmFsMS9hcHAvUXFrWEpzbk9OUFU 200
[debug] [2022-11-12T15:12:38.374Z] <<< [apiv2][body] GET https://cloudfunctions.googleapis.com/v1/operations/d2FkMi1ldmVudGhpdmUtYmFja2VuZC1kMGYyYy91cy1jZW50cmFsMS9hcHAvUXFrWEpzbk9OUFU {"name":"operations/d2FkMi1ldmVudGhpdmUtYmFja2VuZC1kMGYyYy91cy1jZW50cmFsMS9hcHAvUXFrWEpzbk9OUFU","metadata":{"@type":"type.googleapis.com/google.cloud.functions.v1.OperationMetadataV1","target":"projects/wad2-eventhive-backend-d0f2c/locations/us-central1/functions/app","type":"UPDATE_FUNCTION","request":{"@type":"type.googleapis.com/google.cloud.functions.v1.CloudFunction","name":"projects/wad2-eventhive-backend-d0f2c/locations/us-central1/functions/app","httpsTrigger":{"url":"https://us-central1-wad2-eventhive-backend-d0f2c.cloudfunctions.net/app","securityLevel":"SECURE_ALWAYS"},"status":"ACTIVE","entryPoint":"app","timeout":"60s","availableMemoryMb":256,"serviceAccountEmail":"wad2-eventhive-backend-d0f2c@appspot.gserviceaccount.com","updateTime":"2022-11-08T07:53:40.067Z","versionId":"24","labels":{"deployment-tool":"cli-firebase","firebase-functions-hash":"fd3380ef45a7b465bb3656e8577dfbc2fd14aa86"},"sourceUploadUrl":"https://storage.googleapis.com/uploads-495639867858.us-central1.cloudfunctions.appspot.com/fcb0aca5-9fad-4f82-8b0d-7df26d3de055.zip?GoogleAccessId=service-391410181188@gcf-admin-robot.iam.gserviceaccount.com&Expires=1668267744&Signature=fUEJoBqtHjcpoDukIqADlNS6E8KXCuN%2B5DTvpqUYCS8I7QaHPtUHuYvqTvD0AOhMue551bgndyOZCDt9k%2Fy90kBXVFHavXPwU3FaKlgKjer6ANWFw3hoXiaVpimFLLgK0S4k8yg%2F2HVsFvbqjqIlDqyded28kE9SaiToonNbRl5ojGWmXTNmHo1fXHYRwP%2FNgSyXNSMfhiwHOyX9b9mjQVzCA5EvUgQIzlnQqAkaOl27iZoFBN%2Bi4xnRzzlnkbmMMDrCoIi1Yjd%2BajBCR1g4r7JJhsDBhFkveTjf%2Favq0UfZF52L1vtZ%2FIG43XWFV3RQshvOhq5Mv%2FlX00B34zUVdg%3D%3D","environmentVariables":{"MONGODB_URI":"mongodb+srv://basedAdmin:cringe123@wad2.rlbhxwm.mongodb.net/?retryWrites=true&w=majority","FIREBASE_CONFIG":"{\"projectId\":\"wad2-eventhive-backend-d0f2c\",\"storageBucket\":\"wad2-eventhive-backend-d0f2c.appspot.com\"}","GCLOUD_PROJECT":"wad2-eventhive-backend-d0f2c"},"runtime":"nodejs16","ingressSettings":"ALLOW_ALL","buildId":"56d6a436-ce28-4954-9bc1-5c8bb1e8b505","buildName":"projects/391410181188/locations/us-central1/builds/56d6a436-ce28-4954-9bc1-5c8bb1e8b505","dockerRegistry":"ARTIFACT_REGISTRY"},"versionId":"25","updateTime":"2022-11-12T15:12:28Z","buildId":"edc92c76-aaf9-41a1-b503-aa871219eab3","buildName":"projects/391410181188/locations/us-central1/builds/edc92c76-aaf9-41a1-b503-aa871219eab3"}}
[debug] [2022-11-12T15:12:46.378Z] [update-default-us-central1-app] Retrying task index 0
[debug] [2022-11-12T15:12:46.388Z] >>> [apiv2][query] GET https://cloudfunctions.googleapis.com/v1/operations/d2FkMi1ldmVudGhpdmUtYmFja2VuZC1kMGYyYy91cy1jZW50cmFsMS9hcHAvUXFrWEpzbk9OUFU [none]
[debug] [2022-11-12T15:12:46.984Z] <<< [apiv2][status] GET https://cloudfunctions.googleapis.com/v1/operations/d2FkMi1ldmVudGhpdmUtYmFja2VuZC1kMGYyYy91cy1jZW50cmFsMS9hcHAvUXFrWEpzbk9OUFU 200
[debug] [2022-11-12T15:12:46.985Z] <<< [apiv2][body] GET https://cloudfunctions.googleapis.com/v1/operations/d2FkMi1ldmVudGhpdmUtYmFja2VuZC1kMGYyYy91cy1jZW50cmFsMS9hcHAvUXFrWEpzbk9OUFU {"name":"operations/d2FkMi1ldmVudGhpdmUtYmFja2VuZC1kMGYyYy91cy1jZW50cmFsMS9hcHAvUXFrWEpzbk9OUFU","metadata":{"@type":"type.googleapis.com/google.cloud.functions.v1.OperationMetadataV1","target":"projects/wad2-eventhive-backend-d0f2c/locations/us-central1/functions/app","type":"UPDATE_FUNCTION","request":{"@type":"type.googleapis.com/google.cloud.functions.v1.CloudFunction","name":"projects/wad2-eventhive-backend-d0f2c/locations/us-central1/functions/app","httpsTrigger":{"url":"https://us-central1-wad2-eventhive-backend-d0f2c.cloudfunctions.net/app","securityLevel":"SECURE_ALWAYS"},"status":"ACTIVE","entryPoint":"app","timeout":"60s","availableMemoryMb":256,"serviceAccountEmail":"wad2-eventhive-backend-d0f2c@appspot.gserviceaccount.com","updateTime":"2022-11-08T07:53:40.067Z","versionId":"24","labels":{"deployment-tool":"cli-firebase","firebase-functions-hash":"fd3380ef45a7b465bb3656e8577dfbc2fd14aa86"},"sourceUploadUrl":"https://storage.googleapis.com/uploads-495639867858.us-central1.cloudfunctions.appspot.com/fcb0aca5-9fad-4f82-8b0d-7df26d3de055.zip?GoogleAccessId=service-391410181188@gcf-admin-robot.iam.gserviceaccount.com&Expires=1668267744&Signature=fUEJoBqtHjcpoDukIqADlNS6E8KXCuN%2B5DTvpqUYCS8I7QaHPtUHuYvqTvD0AOhMue551bgndyOZCDt9k%2Fy90kBXVFHavXPwU3FaKlgKjer6ANWFw3hoXiaVpimFLLgK0S4k8yg%2F2HVsFvbqjqIlDqyded28kE9SaiToonNbRl5ojGWmXTNmHo1fXHYRwP%2FNgSyXNSMfhiwHOyX9b9mjQVzCA5EvUgQIzlnQqAkaOl27iZoFBN%2Bi4xnRzzlnkbmMMDrCoIi1Yjd%2BajBCR1g4r7JJhsDBhFkveTjf%2Favq0UfZF52L1vtZ%2FIG43XWFV3RQshvOhq5Mv%2FlX00B34zUVdg%3D%3D","environmentVariables":{"MONGODB_URI":"mongodb+srv://basedAdmin:cringe123@wad2.rlbhxwm.mongodb.net/?retryWrites=true&w=majority","FIREBASE_CONFIG":"{\"projectId\":\"wad2-eventhive-backend-d0f2c\",\"storageBucket\":\"wad2-eventhive-backend-d0f2c.appspot.com\"}","GCLOUD_PROJECT":"wad2-eventhive-backend-d0f2c"},"runtime":"nodejs16","ingressSettings":"ALLOW_ALL","buildId":"56d6a436-ce28-4954-9bc1-5c8bb1e8b505","buildName":"projects/391410181188/locations/us-central1/builds/56d6a436-ce28-4954-9bc1-5c8bb1e8b505","dockerRegistry":"ARTIFACT_REGISTRY"},"versionId":"25","updateTime":"2022-11-12T15:12:28Z","buildId":"edc92c76-aaf9-41a1-b503-aa871219eab3","buildName":"projects/391410181188/locations/us-central1/builds/edc92c76-aaf9-41a1-b503-aa871219eab3"}}
[debug] [2022-11-12T15:12:56.989Z] [update-default-us-central1-app] Retrying task index 0
[debug] [2022-11-12T15:12:56.993Z] >>> [apiv2][query] GET https://cloudfunctions.googleapis.com/v1/operations/d2FkMi1ldmVudGhpdmUtYmFja2VuZC1kMGYyYy91cy1jZW50cmFsMS9hcHAvUXFrWEpzbk9OUFU [none]
[debug] [2022-11-12T15:12:58.451Z] <<< [apiv2][status] GET https://cloudfunctions.googleapis.com/v1/operations/d2FkMi1ldmVudGhpdmUtYmFja2VuZC1kMGYyYy91cy1jZW50cmFsMS9hcHAvUXFrWEpzbk9OUFU 200
[debug] [2022-11-12T15:12:58.452Z] <<< [apiv2][body] GET https://cloudfunctions.googleapis.com/v1/operations/d2FkMi1ldmVudGhpdmUtYmFja2VuZC1kMGYyYy91cy1jZW50cmFsMS9hcHAvUXFrWEpzbk9OUFU {"name":"operations/d2FkMi1ldmVudGhpdmUtYmFja2VuZC1kMGYyYy91cy1jZW50cmFsMS9hcHAvUXFrWEpzbk9OUFU","metadata":{"@type":"type.googleapis.com/google.cloud.functions.v1.OperationMetadataV1","target":"projects/wad2-eventhive-backend-d0f2c/locations/us-central1/functions/app","type":"UPDATE_FUNCTION","request":{"@type":"type.googleapis.com/google.cloud.functions.v1.CloudFunction","name":"projects/wad2-eventhive-backend-d0f2c/locations/us-central1/functions/app","httpsTrigger":{"url":"https://us-central1-wad2-eventhive-backend-d0f2c.cloudfunctions.net/app","securityLevel":"SECURE_ALWAYS"},"status":"ACTIVE","entryPoint":"app","timeout":"60s","availableMemoryMb":256,"serviceAccountEmail":"wad2-eventhive-backend-d0f2c@appspot.gserviceaccount.com","updateTime":"2022-11-08T07:53:40.067Z","versionId":"24","labels":{"deployment-tool":"cli-firebase","firebase-functions-hash":"fd3380ef45a7b465bb3656e8577dfbc2fd14aa86"},"sourceUploadUrl":"https://storage.googleapis.com/uploads-495639867858.us-central1.cloudfunctions.appspot.com/fcb0aca5-9fad-4f82-8b0d-7df26d3de055.zip?GoogleAccessId=service-391410181188@gcf-admin-robot.iam.gserviceaccount.com&Expires=1668267744&Signature=fUEJoBqtHjcpoDukIqADlNS6E8KXCuN%2B5DTvpqUYCS8I7QaHPtUHuYvqTvD0AOhMue551bgndyOZCDt9k%2Fy90kBXVFHavXPwU3FaKlgKjer6ANWFw3hoXiaVpimFLLgK0S4k8yg%2F2HVsFvbqjqIlDqyded28kE9SaiToonNbRl5ojGWmXTNmHo1fXHYRwP%2FNgSyXNSMfhiwHOyX9b9mjQVzCA5EvUgQIzlnQqAkaOl27iZoFBN%2Bi4xnRzzlnkbmMMDrCoIi1Yjd%2BajBCR1g4r7JJhsDBhFkveTjf%2Favq0UfZF52L1vtZ%2FIG43XWFV3RQshvOhq5Mv%2FlX00B34zUVdg%3D%3D","environmentVariables":{"MONGODB_URI":"mongodb+srv://basedAdmin:cringe123@wad2.rlbhxwm.mongodb.net/?retryWrites=true&w=majority","FIREBASE_CONFIG":"{\"projectId\":\"wad2-eventhive-backend-d0f2c\",\"storageBucket\":\"wad2-eventhive-backend-d0f2c.appspot.com\"}","GCLOUD_PROJECT":"wad2-eventhive-backend-d0f2c"},"runtime":"nodejs16","ingressSettings":"ALLOW_ALL","buildId":"56d6a436-ce28-4954-9bc1-5c8bb1e8b505","buildName":"projects/391410181188/locations/us-central1/builds/56d6a436-ce28-4954-9bc1-5c8bb1e8b505","dockerRegistry":"ARTIFACT_REGISTRY"},"versionId":"25","updateTime":"2022-11-12T15:12:28Z","buildId":"edc92c76-aaf9-41a1-b503-aa871219eab3","buildName":"projects/391410181188/locations/us-central1/builds/edc92c76-aaf9-41a1-b503-aa871219eab3"}}
